Hostname:-
command:-  hostname 
Output:-
webonise-desktop
Thu Jun 27 19:40:48 IST 2013

Name of system:-
command:-  uname -s -v 
Output:-
Linux #46-Ubuntu SMP Fri Jul 27 17:03:23 UTC 2012

Full path to your home directory:-
command:-  pwd
Output:-
/home/webonise/Assignments
Thu Jun 27 19:40:48 IST 2013

Other users are logged into the machine you are using:-
command:-  users 
Output:-
webonise webonise
Thu Jun 27 19:40:48 IST 2013

What groups you belong to:-
command:-  groups
Output:-
webonise adm cdrom sudo dip plugdev lpadmin sambashare
Thu Jun 27 19:40:48 IST 2013

files (excluding directories) are located in a directory and all its subdirectories:-
command:-  find -type f 
Output:-
./assignment.log~
./1st Ass/College.java
./1st Ass/Student.java
./1st Ass/myClass.php
./1st Ass/class.smtp.php
./1st Ass/hi.java
./1st Ass/binding.rb
./1st Ass/interpret.cpp
./Part1.sh
./hinew_new.txt
./2nd Ass/College.java
./abcdnew_new.txt
./assignment.log
./bnew_new.txt
./3rd Ass DP/DesignPattCollege.java
./public_html/assignment.log
./public_html/public_html
./abcnew_new.txt
./1new_new.txt
./Part1.sh~
Thu Jun 27 19:40:48 IST 2013

bash script to rename the all files with extension .txt inside your assignment directory and list them on console:-
command:- rename -v s/.txt/new.txt/ *.txt
Output:-
1.txt renamed as 1_new.txt
abc.txt renamed as abc_new.txt
a.txt renamed as a_new.txt
b.txt renamed as b_new.txt
hi.txt renamed as hi_new.txt
Thu Jun 27 19:40:48 IST 2013

rename the all files whose name starts with letter x :-
Command:-
rename -v s/x*.txt/_new.txt/ *.txt
output:-
1.txt renamed as 1_new.txt
a.txt renamed as a_new.txt
abc.txt renamed as abc_new.txt
b.txt renamed as b_new.txt
hi.txt renamed as hi_new.txt
Thu Jun 27 19:40:48 IST 2013

Create a folder named public_html in your assignment directory. Place a 'readme.txt' file in there. Set up file permissions to 777 so that you can see the directory listing.
commands :-
mkdir public_html
cd public_html/
touch readme.html
chmod -R 777 readme.html
output:
Thu Jun 27 19:40:48 IST 2013

Move first 4 files from assignment folder to public_html folder.
command:-
ls | head -4 | xargs -I{} mv {} ./public_html
Output:-
Thu Jun 27 19:40:48 IST 2013

Copy the public_html folder inside the public_html and then rename it:-
Commands:-
cp -r public_html public_html
cd public_html/
mv public_html/ newhtml
Output:-
Thu Jun 27 19:40:48 IST 2013

